<?xml version="1.0" encoding="UTF-8"?>
<!-- Generated by org.testng.reporters.JUnitReportReporter -->
<testsuite hostname="DESKTOP-J07OFA6" failures="0" tests="1" name="sampleProject.sampleProject.App" time="170.862" errors="0" timestamp="2021-02-04T21:48:08 IST" skipped="0">
  <testcase classname="sampleProject.sampleProject.App" name="extentReportsDemo" time="170.862"/>
  <system-out/>
</testsuite> <!-- sampleProject.sampleProject.App -->
